<?xml version="1.0" encoding="UTF-8"?>
<!-- Generated by org.testng.reporters.JUnitReportReporter -->
<testsuite hostname="KD-MacBook" failures="0" tests="1" name="com.tricentis.demowebshop.feature.products.ShoppingCart" time="27.698" errors="0" timestamp="2023-10-11T19:45:05 ICT" skipped="0">
  <testcase classname="com.tricentis.demowebshop.feature.products.ShoppingCart" name="decreaseItemsOfShoppingCart" time="27.698"/>
</testsuite> <!-- com.tricentis.demowebshop.feature.products.ShoppingCart -->
