<?xml version="1.0" encoding="UTF-8"?>
<!-- Generated by org.testng.reporters.JUnitReportReporter -->
<testsuite hostname="KD-MacBook" failures="0" tests="6" name="com.tricentis.demowebshop.feature.login.Login" time="135.005" errors="0" timestamp="2023-10-11T19:45:05 ICT" skipped="0">
  <testcase classname="com.tricentis.demowebshop.feature.login.Login" name="VerifyLoginForm" time="42.791"/>
  <testcase classname="com.tricentis.demowebshop.feature.login.Login" name="VerifyLoginForm" time="42.147"/>
  <testcase classname="com.tricentis.demowebshop.feature.login.Login" name="VerifyLoginForm" time="11.914"/>
  <testcase classname="com.tricentis.demowebshop.feature.login.Login" name="VerifyLoginForm" time="11.947"/>
  <testcase classname="com.tricentis.demowebshop.feature.login.Login" name="VerifyLoginForm" time="15.405"/>
  <testcase classname="com.tricentis.demowebshop.feature.login.Login" name="VerifyLoginForm" time="10.801"/>
</testsuite> <!-- com.tricentis.demowebshop.feature.login.Login -->
